Warning[205] D:\MPLAB PROJECT\PROG4\PROG5_PORT.X\ASSIGNMENT 2.2.ASM 2 : Found directive in column 1. (CONFIG)
Warning[205] D:\MPLAB PROJECT\PROG4\PROG5_PORT.X\ASSIGNMENT 2.2.ASM 3 : Found directive in column 1. (ORG)
Warning[203] D:\MPLAB PROJECT\PROG4\PROG5_PORT.X\ASSIGNMENT 2.2.ASM 4 : Found opcode in column 1. (GOTO)
Warning[205] D:\MPLAB PROJECT\PROG4\PROG5_PORT.X\ASSIGNMENT 2.2.ASM 6 : Found directive in column 1. (ORG)
Warning[203] D:\MPLAB PROJECT\PROG4\PROG5_PORT.X\ASSIGNMENT 2.2.ASM 7 : Found opcode in column 1. (BTFSC)
Warning[203] D:\MPLAB PROJECT\PROG4\PROG5_PORT.X\ASSIGNMENT 2.2.ASM 8 : Found opcode in column 1. (BRA)
Warning[203] D:\MPLAB PROJECT\PROG4\PROG5_PORT.X\ASSIGNMENT 2.2.ASM 9 : Found opcode in column 1. (RETFIE)
Warning[205] D:\MPLAB PROJECT\PROG4\PROG5_PORT.X\ASSIGNMENT 2.2.ASM 11 : Found directive in column 1. (ORG)
Warning[203] D:\MPLAB PROJECT\PROG4\PROG5_PORT.X\ASSIGNMENT 2.2.ASM 12 : Found opcode in column 1. (BTFSC)
Warning[203] D:\MPLAB PROJECT\PROG4\PROG5_PORT.X\ASSIGNMENT 2.2.ASM 13 : Found opcode in column 1. (BRA)
Warning[203] D:\MPLAB PROJECT\PROG4\PROG5_PORT.X\ASSIGNMENT 2.2.ASM 14 : Found opcode in column 1. (RETFIE)
Warning[205] D:\MPLAB PROJECT\PROG4\PROG5_PORT.X\ASSIGNMENT 2.2.ASM 16 : Found directive in column 1. (ORG)
Warning[203] D:\MPLAB PROJECT\PROG4\PROG5_PORT.X\ASSIGNMENT 2.2.ASM 18 : Found opcode in column 1. (MOVLW)
Warning[202] D:\MPLAB PROJECT\PROG4\PROG5_PORT.X\ASSIGNMENT 2.2.ASM 18 : Argument out of range.  Least significant bits used.
Warning[203] D:\MPLAB PROJECT\PROG4\PROG5_PORT.X\ASSIGNMENT 2.2.ASM 19 : Found opcode in column 1. (BCF)
Warning[203] D:\MPLAB PROJECT\PROG4\PROG5_PORT.X\ASSIGNMENT 2.2.ASM 20 : Found opcode in column 1. (BCF)
Warning[203] D:\MPLAB PROJECT\PROG4\PROG5_PORT.X\ASSIGNMENT 2.2.ASM 21 : Found opcode in column 1. (BSF)
Warning[203] D:\MPLAB PROJECT\PROG4\PROG5_PORT.X\ASSIGNMENT 2.2.ASM 22 : Found opcode in column 1. (MOVLW)
Warning[203] D:\MPLAB PROJECT\PROG4\PROG5_PORT.X\ASSIGNMENT 2.2.ASM 23 : Found opcode in column 1. (MOVWF)
Warning[203] D:\MPLAB PROJECT\PROG4\PROG5_PORT.X\ASSIGNMENT 2.2.ASM 26 : Found opcode in column 1. (BSF)
Warning[203] D:\MPLAB PROJECT\PROG4\PROG5_PORT.X\ASSIGNMENT 2.2.ASM 27 : Found opcode in column 1. (BSF)
Warning[203] D:\MPLAB PROJECT\PROG4\PROG5_PORT.X\ASSIGNMENT 2.2.ASM 28 : Found opcode in column 1. (BCF)
Warning[203] D:\MPLAB PROJECT\PROG4\PROG5_PORT.X\ASSIGNMENT 2.2.ASM 29 : Found opcode in column 1. (MOVLW)
Warning[203] D:\MPLAB PROJECT\PROG4\PROG5_PORT.X\ASSIGNMENT 2.2.ASM 30 : Found opcode in column 1. (MOVWF)
Warning[203] D:\MPLAB PROJECT\PROG4\PROG5_PORT.X\ASSIGNMENT 2.2.ASM 31 : Found opcode in column 1. (MOVLW)
Warning[203] D:\MPLAB PROJECT\PROG4\PROG5_PORT.X\ASSIGNMENT 2.2.ASM 32 : Found opcode in column 1. (MOVWF)
Warning[203] D:\MPLAB PROJECT\PROG4\PROG5_PORT.X\ASSIGNMENT 2.2.ASM 33 : Found opcode in column 1. (MOVLW)
Warning[203] D:\MPLAB PROJECT\PROG4\PROG5_PORT.X\ASSIGNMENT 2.2.ASM 34 : Found opcode in column 1. (MOVWF)
Warning[203] D:\MPLAB PROJECT\PROG4\PROG5_PORT.X\ASSIGNMENT 2.2.ASM 35 : Found opcode in column 1. (BCF)
Warning[203] D:\MPLAB PROJECT\PROG4\PROG5_PORT.X\ASSIGNMENT 2.2.ASM 36 : Found opcode in column 1. (BSF)
Warning[203] D:\MPLAB PROJECT\PROG4\PROG5_PORT.X\ASSIGNMENT 2.2.ASM 37 : Found opcode in column 1. (BSF)
Warning[203] D:\MPLAB PROJECT\PROG4\PROG5_PORT.X\ASSIGNMENT 2.2.ASM 38 : Found opcode in column 1. (BSF)
Warning[203] D:\MPLAB PROJECT\PROG4\PROG5_PORT.X\ASSIGNMENT 2.2.ASM 41 : Found opcode in column 1. (BCF)
Warning[203] D:\MPLAB PROJECT\PROG4\PROG5_PORT.X\ASSIGNMENT 2.2.ASM 42 : Found opcode in column 1. (BSF)
Warning[203] D:\MPLAB PROJECT\PROG4\PROG5_PORT.X\ASSIGNMENT 2.2.ASM 48 : Found opcode in column 1. (BCF)
Warning[203] D:\MPLAB PROJECT\PROG4\PROG5_PORT.X\ASSIGNMENT 2.2.ASM 49 : Found opcode in column 1. (RETFIE)
Warning[205] D:\MPLAB PROJECT\PROG4\PROG5_PORT.X\ASSIGNMENT 2.2.ASM 63 : Found directive in column 1. (END)
