Warning[205] D:\MPLAB PROJECT\PROG4\PROG5_PORT.X\CODE-18.ASM 2 : Found directive in column 1. (CONFIG)
Warning[205] D:\MPLAB PROJECT\PROG4\PROG5_PORT.X\CODE-18.ASM 3 : Found directive in column 1. (ORG)
Warning[203] D:\MPLAB PROJECT\PROG4\PROG5_PORT.X\CODE-18.ASM 4 : Found opcode in column 1. (SETF)
Warning[203] D:\MPLAB PROJECT\PROG4\PROG5_PORT.X\CODE-18.ASM 5 : Found opcode in column 1. (MOVF)
Warning[203] D:\MPLAB PROJECT\PROG4\PROG5_PORT.X\CODE-18.ASM 6 : Found opcode in column 1. (MOVLW)
Warning[203] D:\MPLAB PROJECT\PROG4\PROG5_PORT.X\CODE-18.ASM 7 : Found opcode in column 1. (ANDLW)
Warning[203] D:\MPLAB PROJECT\PROG4\PROG5_PORT.X\CODE-18.ASM 8 : Found opcode in column 1. (MULLW)
Warning[203] D:\MPLAB PROJECT\PROG4\PROG5_PORT.X\CODE-18.ASM 10 : Found opcode in column 1. (ADDLW)
Warning[203] D:\MPLAB PROJECT\PROG4\PROG5_PORT.X\CODE-18.ASM 11 : Found opcode in column 1. (MOVWF)
Warning[203] D:\MPLAB PROJECT\PROG4\PROG5_PORT.X\CODE-18.ASM 12 : Found opcode in column 1. (TBLRD)
Warning[203] D:\MPLAB PROJECT\PROG4\PROG5_PORT.X\CODE-18.ASM 13 : Found opcode in column 1. (MOVF)
Warning[207] D:\MPLAB PROJECT\PROG4\PROG5_PORT.X\CODE-18.ASM 14 : Found label after column 1. (HERE)
Warning[205] D:\MPLAB PROJECT\PROG4\PROG5_PORT.X\CODE-18.ASM 15 : Found directive in column 1. (ORG)
Warning[205] D:\MPLAB PROJECT\PROG4\PROG5_PORT.X\CODE-18.ASM 17 : Found directive in column 1. (DB)
Warning[205] D:\MPLAB PROJECT\PROG4\PROG5_PORT.X\CODE-18.ASM 18 : Found directive in column 1. (DB)
Warning[205] D:\MPLAB PROJECT\PROG4\PROG5_PORT.X\CODE-18.ASM 19 : Found directive in column 1. (DB)
Warning[205] D:\MPLAB PROJECT\PROG4\PROG5_PORT.X\CODE-18.ASM 20 : Found directive in column 1. (DB)
Warning[205] D:\MPLAB PROJECT\PROG4\PROG5_PORT.X\CODE-18.ASM 21 : Found directive in column 1. (DB)
Warning[205] D:\MPLAB PROJECT\PROG4\PROG5_PORT.X\CODE-18.ASM 22 : Found directive in column 1. (DB)
Warning[205] D:\MPLAB PROJECT\PROG4\PROG5_PORT.X\CODE-18.ASM 23 : Found directive in column 1. (DB)
Warning[205] D:\MPLAB PROJECT\PROG4\PROG5_PORT.X\CODE-18.ASM 24 : Found directive in column 1. (DB)
Warning[205] D:\MPLAB PROJECT\PROG4\PROG5_PORT.X\CODE-18.ASM 25 : Found directive in column 1. (END)
